<?xml version="1.0" encoding="UTF-8"?>
<robot generator="Robot 6.0.2 (Python 3.11.1 on win32)" generated="20230203 14:31:05.000" rpa="false" schemaversion="3">
<suite id="s1" name="Test Browser" source="C:\personal\fluxtest\tests\ui\browser\test_browser.robot">
<test id="s1-t1" name="Example Test" line="6">
<kw name="Open Browser To Google">
<kw name="Open Browser" library="Browser">
<arg>https://www.google.com</arg>
<arg>browser=chromium</arg>
<tag>BrowserControl</tag>
<tag>Setter</tag>
<doc>Opens a new browser instance. Use this keyword for quick experiments or debugging sessions.</doc>
<msg timestamp="20230203 14:31:05.763" level="WARN">Open Browser is for quick experimentation and debugging only. Use New Page for production.</msg>
<msg timestamp="20230203 14:31:05.765" level="INFO">{"browser": "chromium", "headless": false, "devtools": false, "handleSIGHUP": true, "handleSIGINT": true, "handleSIGTERM": true, "slowMo": 0.0, "timeout": 30000.0, "deprecated_pos_args": [], "tracesDir": "C:\\personal\\fluxtest\\browser\\traces\\926c8e9e-6990-4f3c-9caf-b662143d6a06"}</msg>
<msg timestamp="20230203 14:31:06.310" level="INFO">Successfully created browser with options: {"browser":"chromium","headless":false,"devtools":false,"handleSIGHUP":true,"handleSIGINT":true,"handleSIGTERM":true,"slowMo":0,"timeout":30000,"deprecated_pos_args":[],"tracesDir":"C:\\personal\\fluxtest\\browser\\traces\\926c8e9e-6990-4f3c-9caf-b662143d6a06"}</msg>
<msg timestamp="20230203 14:31:06.310" level="INFO">{
  "acceptDownloads": true,
  "bypassCSP": true,
  "forcedColors": "none",
  "hideRfBrowser": false,
  "ignoreHTTPSErrors": false,
  "javaScriptEnabled": true,
  "offline": false,
  "reducedMotion": "no-preference",
  "viewport": {
    "height": 720,
    "width": 1280
  },
  "deprecated_pos_args": []
}</msg>
<msg timestamp="20230203 14:31:06.337" level="INFO">Successfully created context. </msg>
<msg timestamp="20230203 14:31:06.337" level="INFO">{'acceptDownloads': True, 'bypassCSP': True, 'forcedColors': 'none', 'hideRfBrowser': False, 'ignoreHTTPSErrors': False, 'javaScriptEnabled': True, 'offline': False, 'reducedMotion': 'no-preference', 'viewport': {'height': 720, 'width': 1280}, 'deprecated_pos_args': []}</msg>
<msg timestamp="20230203 14:31:07.863" level="INFO">Successfully initialized new page object and opened url: https://www.google.com</msg>
<status status="PASS" starttime="20230203 14:31:05.763" endtime="20230203 14:31:07.863"/>
</kw>
<status status="PASS" starttime="20230203 14:31:05.762" endtime="20230203 14:31:07.864"/>
</kw>
<kw name="New Page" library="Browser">
<arg>https://robotsparebinindustries.com</arg>
<tag>BrowserControl</tag>
<tag>Setter</tag>
<doc>Open a new Page.</doc>
<msg timestamp="20230203 14:31:08.999" level="INFO">Successfully initialized new page object and opened url: https://robotsparebinindustries.com</msg>
<status status="PASS" starttime="20230203 14:31:07.864" endtime="20230203 14:31:08.999"/>
</kw>
<kw name="Type Text" library="Browser">
<arg>input#username</arg>
<arg>maria</arg>
<tag>PageContent</tag>
<tag>Setter</tag>
<doc>Types the given ``txt`` into the text field found by ``selector``.</doc>
<msg timestamp="20230203 14:31:09.000" level="INFO">Types the text 'maria' in the given field.</msg>
<status status="PASS" starttime="20230203 14:31:09.000" endtime="20230203 14:31:09.082"/>
</kw>
<kw name="Type Text" library="Browser">
<arg>input#password</arg>
<arg>password</arg>
<tag>PageContent</tag>
<tag>Setter</tag>
<doc>Types the given ``txt`` into the text field found by ``selector``.</doc>
<msg timestamp="20230203 14:31:09.083" level="INFO">Types the text 'password' in the given field.</msg>
<status status="PASS" starttime="20230203 14:31:09.083" endtime="20230203 14:31:09.133"/>
</kw>
<kw name="Click" library="Browser">
<arg>button.btn-primary</arg>
<tag>PageContent</tag>
<tag>Setter</tag>
<doc>Simulates mouse click on the element found by ``selector``.</doc>
<status status="PASS" starttime="20230203 14:31:09.134" endtime="20230203 14:31:09.200"/>
</kw>
<kw name="Close Browser" library="Browser" type="TEARDOWN">
<tag>BrowserControl</tag>
<tag>Setter</tag>
<doc>Closes the current browser.</doc>
<msg timestamp="20230203 14:31:09.545" level="INFO">Closed browser</msg>
<status status="PASS" starttime="20230203 14:31:09.200" endtime="20230203 14:31:09.545"/>
</kw>
<status status="PASS" starttime="20230203 14:31:05.759" endtime="20230203 14:31:09.546"/>
</test>
<status status="PASS" starttime="20230203 14:31:05.001" endtime="20230203 14:31:09.552"/>
</suite>
<statistics>
<total>
<stat pass="1" fail="0" skip="0">All Tests</stat>
</total>
<tag>
</tag>
<suite>
<stat pass="1" fail="0" skip="0" id="s1" name="Test Browser">Test Browser</stat>
</suite>
</statistics>
<errors>
<msg timestamp="20230203 14:31:05.763" level="WARN">Open Browser is for quick experimentation and debugging only. Use New Page for production.</msg>
</errors>
</robot>
